[2025-07-14 10:13:38Z INFO HostContext] No proxy settings were found based on environmental variables (http_proxy/https_proxy/HTTP_PROXY/HTTPS_PROXY)
[2025-07-14 10:13:38Z INFO HostContext] Well known directory 'Bin': '/Users/anupsharma/devops/sampletask/node-js-sample/actions-runner/bin'
[2025-07-14 10:13:38Z INFO HostContext] Well known directory 'Root': '/Users/anupsharma/devops/sampletask/node-js-sample/actions-runner'
[2025-07-14 10:13:38Z INFO HostContext] Well known config file 'Credentials': '/Users/anupsharma/devops/sampletask/node-js-sample/actions-runner/.credentials'
[2025-07-14 10:13:38Z INFO HostContext] Well known directory 'Bin': '/Users/anupsharma/devops/sampletask/node-js-sample/actions-runner/bin'
[2025-07-14 10:13:38Z INFO HostContext] Well known directory 'Root': '/Users/anupsharma/devops/sampletask/node-js-sample/actions-runner'
[2025-07-14 10:13:38Z INFO HostContext] Well known config file 'Runner': '/Users/anupsharma/devops/sampletask/node-js-sample/actions-runner/.runner'
[2025-07-14 10:13:38Z INFO Listener] Runner is built for OSX (X64) - osx-x64.
[2025-07-14 10:13:38Z INFO Listener] RuntimeInformation: Darwin 24.5.0 Darwin Kernel Version 24.5.0: Tue Apr 22 19:54:26 PDT 2025; root:xnu-11417.121.6~2/RELEASE_ARM64_T8112.
[2025-07-14 10:13:38Z INFO Listener] Version: 2.326.0
[2025-07-14 10:13:38Z INFO Listener] Commit: de0233c4d64676d8ebd16074221ae1e0e0bf2a13
[2025-07-14 10:13:38Z INFO Listener] Culture: en-IN
[2025-07-14 10:13:38Z INFO Listener] UI Culture: en-IN
[2025-07-14 10:13:38Z INFO HostContext] Well known directory 'Bin': '/Users/anupsharma/devops/sampletask/node-js-sample/actions-runner/bin'
[2025-07-14 10:13:38Z INFO HostContext] Well known directory 'Root': '/Users/anupsharma/devops/sampletask/node-js-sample/actions-runner'
[2025-07-14 10:13:38Z INFO Listener] Validating directory permissions for: '/Users/anupsharma/devops/sampletask/node-js-sample/actions-runner'
[2025-07-14 10:13:38Z INFO CommandLineParser] Parse
[2025-07-14 10:13:38Z INFO CommandLineParser] Parsing 1 args
[2025-07-14 10:13:38Z INFO CommandLineParser] parsing argument
[2025-07-14 10:13:38Z INFO CommandLineParser] HasArgs: False
[2025-07-14 10:13:38Z INFO CommandLineParser] Adding Command: run
[2025-07-14 10:13:38Z INFO Listener] Arguments parsed
[2025-07-14 10:13:38Z INFO Runner] ExecuteCommand
[2025-07-14 10:13:38Z INFO ConfigurationStore] currentAssemblyLocation: /Users/anupsharma/devops/sampletask/node-js-sample/actions-runner/bin/Runner.Listener.dll
[2025-07-14 10:13:38Z INFO HostContext] Well known directory 'Bin': '/Users/anupsharma/devops/sampletask/node-js-sample/actions-runner/bin'
[2025-07-14 10:13:38Z INFO ConfigurationStore] binPath: /Users/anupsharma/devops/sampletask/node-js-sample/actions-runner/bin
[2025-07-14 10:13:38Z INFO HostContext] Well known directory 'Bin': '/Users/anupsharma/devops/sampletask/node-js-sample/actions-runner/bin'
[2025-07-14 10:13:38Z INFO HostContext] Well known directory 'Root': '/Users/anupsharma/devops/sampletask/node-js-sample/actions-runner'
[2025-07-14 10:13:38Z INFO ConfigurationStore] RootFolder: /Users/anupsharma/devops/sampletask/node-js-sample/actions-runner
[2025-07-14 10:13:38Z INFO HostContext] Well known directory 'Bin': '/Users/anupsharma/devops/sampletask/node-js-sample/actions-runner/bin'
[2025-07-14 10:13:38Z INFO HostContext] Well known directory 'Root': '/Users/anupsharma/devops/sampletask/node-js-sample/actions-runner'
[2025-07-14 10:13:38Z INFO HostContext] Well known config file 'Runner': '/Users/anupsharma/devops/sampletask/node-js-sample/actions-runner/.runner'
[2025-07-14 10:13:38Z INFO ConfigurationStore] ConfigFilePath: /Users/anupsharma/devops/sampletask/node-js-sample/actions-runner/.runner
[2025-07-14 10:13:38Z INFO HostContext] Well known directory 'Bin': '/Users/anupsharma/devops/sampletask/node-js-sample/actions-runner/bin'
[2025-07-14 10:13:38Z INFO HostContext] Well known directory 'Root': '/Users/anupsharma/devops/sampletask/node-js-sample/actions-runner'
[2025-07-14 10:13:38Z INFO HostContext] Well known config file 'MigratedRunner': '/Users/anupsharma/devops/sampletask/node-js-sample/actions-runner/.runner_migrated'
[2025-07-14 10:13:38Z INFO ConfigurationStore] MigratedConfigFilePath: /Users/anupsharma/devops/sampletask/node-js-sample/actions-runner/.runner_migrated
[2025-07-14 10:13:38Z INFO HostContext] Well known directory 'Bin': '/Users/anupsharma/devops/sampletask/node-js-sample/actions-runner/bin'
[2025-07-14 10:13:38Z INFO HostContext] Well known directory 'Root': '/Users/anupsharma/devops/sampletask/node-js-sample/actions-runner'
[2025-07-14 10:13:38Z INFO HostContext] Well known config file 'Credentials': '/Users/anupsharma/devops/sampletask/node-js-sample/actions-runner/.credentials'
[2025-07-14 10:13:38Z INFO ConfigurationStore] CredFilePath: /Users/anupsharma/devops/sampletask/node-js-sample/actions-runner/.credentials
[2025-07-14 10:13:38Z INFO HostContext] Well known directory 'Bin': '/Users/anupsharma/devops/sampletask/node-js-sample/actions-runner/bin'
[2025-07-14 10:13:38Z INFO HostContext] Well known directory 'Root': '/Users/anupsharma/devops/sampletask/node-js-sample/actions-runner'
[2025-07-14 10:13:38Z INFO HostContext] Well known config file 'MigratedCredentials': '/Users/anupsharma/devops/sampletask/node-js-sample/actions-runner/.credentials_migrated'
[2025-07-14 10:13:38Z INFO ConfigurationStore] MigratedCredFilePath: /Users/anupsharma/devops/sampletask/node-js-sample/actions-runner/.credentials_migrated
[2025-07-14 10:13:38Z INFO HostContext] Well known directory 'Bin': '/Users/anupsharma/devops/sampletask/node-js-sample/actions-runner/bin'
[2025-07-14 10:13:38Z INFO HostContext] Well known directory 'Root': '/Users/anupsharma/devops/sampletask/node-js-sample/actions-runner'
[2025-07-14 10:13:38Z INFO HostContext] Well known config file 'Service': '/Users/anupsharma/devops/sampletask/node-js-sample/actions-runner/.service'
[2025-07-14 10:13:38Z INFO ConfigurationStore] ServiceConfigFilePath: /Users/anupsharma/devops/sampletask/node-js-sample/actions-runner/.service
[2025-07-14 10:13:38Z INFO CommandSettings] Flag 'help': 'False'
[2025-07-14 10:13:38Z INFO CommandSettings] Flag 'version': 'False'
[2025-07-14 10:13:38Z INFO CommandSettings] Flag 'commit': 'False'
[2025-07-14 10:13:38Z INFO CommandSettings] Flag 'check': 'False'
[2025-07-14 10:13:38Z INFO CommandSettings] Command 'configure': 'False'
[2025-07-14 10:13:38Z INFO CommandSettings] Command 'remove': 'False'
[2025-07-14 10:13:38Z INFO CommandSettings] Command 'warmup': 'False'
[2025-07-14 10:13:38Z INFO ConfigurationManager] LoadSettings
[2025-07-14 10:13:38Z INFO ConfigurationStore] IsConfigured()
[2025-07-14 10:13:38Z INFO ConfigurationStore] IsConfigured: True
[2025-07-14 10:13:38Z INFO ConfigurationManager] Is configured: True
[2025-07-14 10:13:38Z INFO ConfigurationStore] Read setting file: 397 chars
[2025-07-14 10:13:38Z INFO ConfigurationManager] Settings Loaded
[2025-07-14 10:13:38Z INFO ConfigurationStore] IsServiceConfigured()
[2025-07-14 10:13:38Z INFO ConfigurationStore] IsServiceConfigured: False
[2025-07-14 10:13:38Z INFO CommandSettings] Command 'run': 'True'
[2025-07-14 10:13:38Z INFO ConfigurationStore] IsConfigured()
[2025-07-14 10:13:38Z INFO ConfigurationStore] IsConfigured: True
[2025-07-14 10:13:38Z INFO ConfigurationManager] Is configured: True
[2025-07-14 10:13:38Z INFO Runner] Could not parse the argument value '' for StartupType. Defaulting to Manual
[2025-07-14 10:13:38Z INFO Runner] Set runner startup type - Manual
[2025-07-14 10:13:38Z INFO CommandSettings] Flag 'once': 'False'
[2025-07-14 10:13:38Z INFO CommandSettings] Flag 'once': 'False'
[2025-07-14 10:13:38Z INFO Runner] RunAsync
[2025-07-14 10:13:38Z INFO ConfigurationManager] LoadMigratedSettings
[2025-07-14 10:13:38Z INFO ConfigurationStore] IsMigratedConfigured()
[2025-07-14 10:13:38Z INFO ConfigurationStore] IsMigratedConfigured: False
[2025-07-14 10:13:38Z INFO Runner] Failed to load migrated settings: No migrated configuration found.
[2025-07-14 10:13:38Z INFO Runner] Falling back to original .runner settings
[2025-07-14 10:13:38Z INFO Runner] Using BrokerMessageListener
[2025-07-14 10:13:38Z INFO BrokerMessageListener] Using provided settings
[2025-07-14 10:13:38Z INFO BrokerMessageListener] {
  "AgentId": 2,
  "AgentName": "anupsharma329-2",
  "PoolId": 1,
  "PoolName": "Default",
  "ServerUrl": "https://pipelinesghubeus15.actions.githubusercontent.com/DDrTkuA3P4NIo0fVlaBSYAoRzJMxWDBmDb7jnqP4VO5sJlLjor/",
  "GitHubUrl": "https://github.com/anupsharma329/node-js-sample",
  "WorkFolder": "_work",
  "UseV2Flow": true,
  "ServerUrlV2": "https://broker.actions.githubusercontent.com/"
}
[2025-07-14 10:13:38Z INFO BrokerMessageListener] Loading Credentials
[2025-07-14 10:13:38Z INFO ConfigurationStore] HasCredentials()
[2025-07-14 10:13:38Z INFO ConfigurationStore] stored True
[2025-07-14 10:13:38Z INFO CredentialManager] GetCredentialProvider
[2025-07-14 10:13:38Z INFO CredentialManager] Creating type OAuth
[2025-07-14 10:13:38Z INFO CredentialManager] Creating credential type: OAuth
[2025-07-14 10:13:38Z INFO HostContext] Well known directory 'Bin': '/Users/anupsharma/devops/sampletask/node-js-sample/actions-runner/bin'
[2025-07-14 10:13:38Z INFO HostContext] Well known directory 'Root': '/Users/anupsharma/devops/sampletask/node-js-sample/actions-runner'
[2025-07-14 10:13:38Z INFO HostContext] Well known config file 'RSACredentials': '/Users/anupsharma/devops/sampletask/node-js-sample/actions-runner/.credentials_rsaparams'
[2025-07-14 10:13:38Z INFO RSAFileKeyManager] Loading RSA key parameters from file /Users/anupsharma/devops/sampletask/node-js-sample/actions-runner/.credentials_rsaparams
[2025-07-14 10:13:38Z INFO BrokerMessageListener] Attempt to create session.
[2025-07-14 10:13:38Z INFO BrokerMessageListener] Connecting to the Broker Server...
[2025-07-14 10:13:38Z INFO ConfigurationStore] HasCredentials()
[2025-07-14 10:13:38Z INFO ConfigurationStore] stored True
[2025-07-14 10:13:38Z INFO CredentialManager] GetCredentialProvider
[2025-07-14 10:13:38Z INFO CredentialManager] Creating type OAuth
[2025-07-14 10:13:38Z INFO CredentialManager] Creating credential type: OAuth
[2025-07-14 10:13:38Z INFO RSAFileKeyManager] Loading RSA key parameters from file /Users/anupsharma/devops/sampletask/node-js-sample/actions-runner/.credentials_rsaparams
[2025-07-14 10:13:38Z INFO BrokerMessageListener] VssConnection created
[2025-07-14 10:13:38Z INFO BrokerMessageListener] Connecting to the Runner server...
[2025-07-14 10:13:38Z INFO RunnerServer] EstablishVssConnection
[2025-07-14 10:13:38Z INFO RunnerServer] Establish connection with 100 seconds timeout.
[2025-07-14 10:13:38Z INFO GitHubActionsService] Starting operation Location.GetConnectionData
[2025-07-14 10:13:39Z INFO RunnerServer] EstablishVssConnection
[2025-07-14 10:13:39Z INFO RunnerServer] Establish connection with 60 seconds timeout.
[2025-07-14 10:13:39Z INFO GitHubActionsService] Starting operation Location.GetConnectionData
[2025-07-14 10:13:39Z INFO RunnerServer] EstablishVssConnection
[2025-07-14 10:13:39Z INFO RunnerServer] Establish connection with 60 seconds timeout.
[2025-07-14 10:13:39Z INFO GitHubActionsService] Starting operation Location.GetConnectionData
[2025-07-14 10:13:40Z INFO GitHubActionsService] Finished operation Location.GetConnectionData
[2025-07-14 10:13:40Z INFO GitHubActionsService] Finished operation Location.GetConnectionData
[2025-07-14 10:13:40Z INFO GitHubActionsService] Finished operation Location.GetConnectionData
[2025-07-14 10:13:40Z INFO BrokerMessageListener] VssConnection created
[2025-07-14 10:13:40Z INFO Terminal] WRITE LINE: 
[2025-07-14 10:13:40Z INFO Terminal] WRITE LINE: 
[2025-07-14 10:13:40Z INFO RSAFileKeyManager] Loading RSA key parameters from file /Users/anupsharma/devops/sampletask/node-js-sample/actions-runner/.credentials_rsaparams
[2025-07-14 10:13:40Z INFO RSAFileKeyManager] Loading RSA key parameters from file /Users/anupsharma/devops/sampletask/node-js-sample/actions-runner/.credentials_rsaparams
[2025-07-14 10:13:41Z INFO GitHubActionsService] AAD Correlation ID for this token request: Unknown
[2025-07-14 10:13:42Z INFO BrokerMessageListener] Session created.
[2025-07-14 10:13:42Z INFO Terminal] WRITE LINE: Current runner version: '2.326.0'
[2025-07-14 10:13:42Z INFO Terminal] WRITE LINE: 2025-07-14 10:13:42Z: Listening for Jobs
[2025-07-14 10:13:42Z INFO JobDispatcher] Set runner/worker IPC timeout to 30 seconds.
[2025-07-14 10:19:53Z INFO ConfigurationStore] HasCredentials()
[2025-07-14 10:19:53Z INFO ConfigurationStore] stored True
[2025-07-14 10:19:53Z INFO CredentialManager] GetCredentialProvider
[2025-07-14 10:19:53Z INFO CredentialManager] Creating type OAuth
[2025-07-14 10:19:53Z INFO CredentialManager] Creating credential type: OAuth
[2025-07-14 10:19:53Z INFO RSAFileKeyManager] Loading RSA key parameters from file /Users/anupsharma/devops/sampletask/node-js-sample/actions-runner/.credentials_rsaparams
[2025-07-14 10:19:53Z INFO RSAFileKeyManager] Loading RSA key parameters from file /Users/anupsharma/devops/sampletask/node-js-sample/actions-runner/.credentials_rsaparams
[2025-07-14 10:19:53Z INFO RSAFileKeyManager] Loading RSA key parameters from file /Users/anupsharma/devops/sampletask/node-js-sample/actions-runner/.credentials_rsaparams
[2025-07-14 10:19:54Z INFO GitHubActionsService] AAD Correlation ID for this token request: Unknown
[2025-07-14 10:19:56Z INFO JobDispatcher] Job request 0 for plan a4e8ab04-3ab9-4170-bb7a-40e9db418b48 job cd3fa5dd-cfb9-5952-816a-a4a225e779bd received.
[2025-07-14 10:19:56Z INFO BrokerMessageListener] Received job status event. JobState: Busy
[2025-07-14 10:19:56Z INFO BrokerMessageListener] _getMessagesTokenSource is already disposed.
[2025-07-14 10:19:56Z INFO Terminal] WRITE LINE: 2025-07-14 10:19:56Z: Running job: self-hosted-deploy
[2025-07-14 10:19:56Z INFO JobDispatcher] Start renew job request 0 for job cd3fa5dd-cfb9-5952-816a-a4a225e779bd.
[2025-07-14 10:19:57Z INFO JobDispatcher] Successfully renew job cd3fa5dd-cfb9-5952-816a-a4a225e779bd, job is valid till 14/07/2025 10:29:57 AM
[2025-07-14 10:19:57Z INFO HostContext] Well known directory 'Bin': '/Users/anupsharma/devops/sampletask/node-js-sample/actions-runner/bin'
[2025-07-14 10:19:57Z INFO ProcessInvokerWrapper] Starting process:
[2025-07-14 10:19:57Z INFO ProcessInvokerWrapper]   File name: '/Users/anupsharma/devops/sampletask/node-js-sample/actions-runner/bin/Runner.Worker'
[2025-07-14 10:19:57Z INFO ProcessInvokerWrapper]   Arguments: 'spawnclient 149 152'
[2025-07-14 10:19:57Z INFO ProcessInvokerWrapper]   Working directory: '/Users/anupsharma/devops/sampletask/node-js-sample/actions-runner/bin'
[2025-07-14 10:19:57Z INFO ProcessInvokerWrapper]   Require exit code zero: 'False'
[2025-07-14 10:19:57Z INFO ProcessInvokerWrapper]   Encoding web name:  ; code page: ''
[2025-07-14 10:19:57Z INFO ProcessInvokerWrapper]   Force kill process on cancellation: 'True'
[2025-07-14 10:19:57Z INFO ProcessInvokerWrapper]   Redirected STDIN: 'False'
[2025-07-14 10:19:57Z INFO ProcessInvokerWrapper]   Persist current code page: 'False'
[2025-07-14 10:19:57Z INFO ProcessInvokerWrapper]   Keep redirected STDIN open: 'False'
[2025-07-14 10:19:57Z INFO ProcessInvokerWrapper]   High priority process: 'True'
[2025-07-14 10:19:57Z INFO ProcessInvokerWrapper] Process started with process id 65927, waiting for process exit.
[2025-07-14 10:19:57Z INFO JobDispatcher] Send job request message to worker for job cd3fa5dd-cfb9-5952-816a-a4a225e779bd.
[2025-07-14 10:19:57Z INFO ProcessChannel] Sending message of length 35645, with hash '68988b07fc98655b7415a8785db46ec63adefc1549fb9a8641f9ff0ec7fc134b'
[2025-07-14 10:19:59Z INFO JobNotification] Entering JobStarted Notification
[2025-07-14 10:19:59Z INFO JobNotification] Entering StartMonitor
[2025-07-14 10:20:56Z INFO ProcessInvokerWrapper] STDOUT/STDERR stream read finished.
[2025-07-14 10:20:56Z INFO ProcessInvokerWrapper] STDOUT/STDERR stream read finished.
[2025-07-14 10:20:56Z INFO ProcessInvokerWrapper] Finished process 65927 with exit code 100, and elapsed time 00:00:59.7286598.
[2025-07-14 10:20:56Z INFO JobDispatcher] Worker finished for job cd3fa5dd-cfb9-5952-816a-a4a225e779bd. Code: 100
[2025-07-14 10:20:56Z INFO JobDispatcher] finish job request for job cd3fa5dd-cfb9-5952-816a-a4a225e779bd with result: Succeeded
[2025-07-14 10:20:56Z INFO Terminal] WRITE LINE: 2025-07-14 10:20:56Z: Job self-hosted-deploy completed with result: Succeeded
[2025-07-14 10:20:56Z INFO JobDispatcher] Stop renew job request for job cd3fa5dd-cfb9-5952-816a-a4a225e779bd.
[2025-07-14 10:20:56Z INFO JobDispatcher] job renew has been cancelled, stop renew job cd3fa5dd-cfb9-5952-816a-a4a225e779bd.
[2025-07-14 10:20:56Z INFO JobNotification] Entering JobCompleted Notification
[2025-07-14 10:20:56Z INFO JobNotification] Entering EndMonitor
[2025-07-14 10:20:56Z INFO BrokerMessageListener] Received job status event. JobState: Online
[2025-07-14 10:20:56Z WARN GitHubActionsService] GET request to https://broker.actions.githubusercontent.com/message?sessionId=28f22143-9e8f-4feb-b18a-82efe8307f38&status=Busy&runnerVersion=2.326.0&os=macOS&architecture=X64&disableUpdate=false has been cancelled.
[2025-07-14 10:20:56Z ERR  BrokerServer] Catch exception during request
[2025-07-14 10:20:58Z ERR  BrokerServer] System.Threading.Tasks.TaskCanceledException: The operation was canceled.
 ---> System.Threading.Tasks.TaskCanceledException: The operation was canceled.
 ---> System.IO.IOException: Unable to read data from the transport connection: Operation canceled.
 ---> System.Net.Sockets.SocketException (89): Operation canceled
   --- End of inner exception stack trace ---
   at System.Net.Sockets.Socket.AwaitableSocketAsyncEventArgs.ThrowException(SocketError error, CancellationToken cancellationToken)
   at System.Net.Sockets.Socket.AwaitableSocketAsyncEventArgs.System.Threading.Tasks.Sources.IValueTaskSource<System.Int32>.GetResult(Int16 token)
   at System.Net.Security.SslStream.EnsureFullTlsFrameAsync[TIOAdapter](CancellationToken cancellationToken, Int32 estimatedSize)
   at System.Runtime.CompilerServices.PoolingAsyncValueTaskMethodBuilder`1.StateMachineBox`1.System.Threading.Tasks.Sources.IValueTaskSource<TResult>.GetResult(Int16 token)
   at System.Net.Security.SslStream.ReadAsyncInternal[TIOAdapter](Memory`1 buffer, CancellationToken cancellationToken)
   at System.Runtime.CompilerServices.PoolingAsyncValueTaskMethodBuilder`1.StateMachineBox`1.System.Threading.Tasks.Sources.IValueTaskSource<TResult>.GetResult(Int16 token)
   at System.Net.Http.HttpConnection.SendAsync(HttpRequestMessage request, Boolean async, CancellationToken cancellationToken)
   --- End of inner exception stack trace ---
   at System.Net.Http.HttpConnection.SendAsync(HttpRequestMessage request, Boolean async, CancellationToken cancellationToken)
   at System.Net.Http.AuthenticationHelper.SendWithNtAuthAsync(HttpRequestMessage request, Uri authUri, Boolean async, ICredentials credentials, Boolean isProxyAuth, HttpConnection connection, HttpConnectionPool connectionPool, CancellationToken cancellationToken)
   at System.Net.Http.HttpConnectionPool.SendWithVersionDetectionAndRetryAsync(HttpRequestMessage request, Boolean async, Boolean doRequestAuth, CancellationToken cancellationToken)
   at System.Net.Http.AuthenticationHelper.SendWithAuthAsync(HttpRequestMessage request, Uri authUri, Boolean async, ICredentials credentials, Boolean preAuthenticate, Boolean isProxyAuth, Boolean doRequestAuth, HttpConnectionPool pool, CancellationToken cancellationToken)
   at System.Net.Http.RedirectHandler.SendAsync(HttpRequestMessage request, Boolean async, CancellationToken cancellationToken)
   at GitHub.Services.Common.RawHttpMessageHandler.SendAsync(HttpRequestMessage request, CancellationToken cancellationToken)
   at GitHub.Services.Common.VssHttpRetryMessageHandler.SendAsync(HttpRequestMessage request, CancellationToken cancellationToken)
   at System.Net.Http.HttpClient.<SendAsync>g__Core|83_0(HttpRequestMessage request, HttpCompletionOption completionOption, CancellationTokenSource cts, Boolean disposeCts, CancellationTokenSource pendingRequestsCts, CancellationToken originalCancellationToken)
   --- End of inner exception stack trace ---
   at System.Net.Http.HttpClient.HandleFailure(Exception e, Boolean telemetryStarted, HttpResponseMessage response, CancellationTokenSource cts, CancellationToken cancellationToken, CancellationTokenSource pendingRequestsCts)
   at System.Net.Http.HttpClient.<SendAsync>g__Core|83_0(HttpRequestMessage request, HttpCompletionOption completionOption, CancellationTokenSource cts, Boolean disposeCts, CancellationTokenSource pendingRequestsCts, CancellationToken originalCancellationToken)
   at Sdk.WebApi.WebApi.RawHttpClientBase.SendAsync(HttpRequestMessage message, HttpCompletionOption completionOption, Object userState, CancellationToken cancellationToken)
   at Sdk.WebApi.WebApi.RawHttpClientBase.SendAsync[T](HttpRequestMessage message, Boolean readErrorBody, Object userState, CancellationToken cancellationToken)
   at Sdk.WebApi.WebApi.RawHttpClientBase.SendAsync[T](HttpMethod method, IEnumerable`1 additionalHeaders, Uri requestUri, HttpContent content, IEnumerable`1 queryParameters, Boolean readErrorBody, Object userState, CancellationToken cancellationToken)
   at GitHub.Actions.RunService.WebApi.BrokerHttpClient.GetRunnerMessageAsync(Nullable`1 sessionId, String runnerVersion, Nullable`1 status, String os, String architecture, Nullable`1 disableUpdate, CancellationToken cancellationToken)
   at GitHub.Runner.Common.BrokerServer.<>c__DisplayClass7_0.<<GetRunnerMessageAsync>b__0>d.MoveNext()
--- End of stack trace from previous location ---
   at GitHub.Runner.Common.RunnerService.RetryRequest[T](Func`1 func, CancellationToken cancellationToken, Int32 maxRetryAttemptsCount, Func`2 shouldRetry)
[2025-07-14 10:20:58Z ERR  BrokerServer] #####################################################
[2025-07-14 10:20:58Z ERR  BrokerServer] System.Threading.Tasks.TaskCanceledException: The operation was canceled.
 ---> System.IO.IOException: Unable to read data from the transport connection: Operation canceled.
 ---> System.Net.Sockets.SocketException (89): Operation canceled
   --- End of inner exception stack trace ---
   at System.Net.Sockets.Socket.AwaitableSocketAsyncEventArgs.ThrowException(SocketError error, CancellationToken cancellationToken)
   at System.Net.Sockets.Socket.AwaitableSocketAsyncEventArgs.System.Threading.Tasks.Sources.IValueTaskSource<System.Int32>.GetResult(Int16 token)
   at System.Net.Security.SslStream.EnsureFullTlsFrameAsync[TIOAdapter](CancellationToken cancellationToken, Int32 estimatedSize)
   at System.Runtime.CompilerServices.PoolingAsyncValueTaskMethodBuilder`1.StateMachineBox`1.System.Threading.Tasks.Sources.IValueTaskSource<TResult>.GetResult(Int16 token)
   at System.Net.Security.SslStream.ReadAsyncInternal[TIOAdapter](Memory`1 buffer, CancellationToken cancellationToken)
   at System.Runtime.CompilerServices.PoolingAsyncValueTaskMethodBuilder`1.StateMachineBox`1.System.Threading.Tasks.Sources.IValueTaskSource<TResult>.GetResult(Int16 token)
   at System.Net.Http.HttpConnection.SendAsync(HttpRequestMessage request, Boolean async, CancellationToken cancellationToken)
   --- End of inner exception stack trace ---
   at System.Net.Http.HttpConnection.SendAsync(HttpRequestMessage request, Boolean async, CancellationToken cancellationToken)
   at System.Net.Http.AuthenticationHelper.SendWithNtAuthAsync(HttpRequestMessage request, Uri authUri, Boolean async, ICredentials credentials, Boolean isProxyAuth, HttpConnection connection, HttpConnectionPool connectionPool, CancellationToken cancellationToken)
   at System.Net.Http.HttpConnectionPool.SendWithVersionDetectionAndRetryAsync(HttpRequestMessage request, Boolean async, Boolean doRequestAuth, CancellationToken cancellationToken)
   at System.Net.Http.AuthenticationHelper.SendWithAuthAsync(HttpRequestMessage request, Uri authUri, Boolean async, ICredentials credentials, Boolean preAuthenticate, Boolean isProxyAuth, Boolean doRequestAuth, HttpConnectionPool pool, CancellationToken cancellationToken)
   at System.Net.Http.RedirectHandler.SendAsync(HttpRequestMessage request, Boolean async, CancellationToken cancellationToken)
   at GitHub.Services.Common.RawHttpMessageHandler.SendAsync(HttpRequestMessage request, CancellationToken cancellationToken)
   at GitHub.Services.Common.VssHttpRetryMessageHandler.SendAsync(HttpRequestMessage request, CancellationToken cancellationToken)
   at System.Net.Http.HttpClient.<SendAsync>g__Core|83_0(HttpRequestMessage request, HttpCompletionOption completionOption, CancellationTokenSource cts, Boolean disposeCts, CancellationTokenSource pendingRequestsCts, CancellationToken originalCancellationToken)
[2025-07-14 10:20:58Z ERR  BrokerServer] #####################################################
[2025-07-14 10:20:58Z ERR  BrokerServer] System.IO.IOException: Unable to read data from the transport connection: Operation canceled.
 ---> System.Net.Sockets.SocketException (89): Operation canceled
   --- End of inner exception stack trace ---
   at System.Net.Sockets.Socket.AwaitableSocketAsyncEventArgs.ThrowException(SocketError error, CancellationToken cancellationToken)
   at System.Net.Sockets.Socket.AwaitableSocketAsyncEventArgs.System.Threading.Tasks.Sources.IValueTaskSource<System.Int32>.GetResult(Int16 token)
   at System.Net.Security.SslStream.EnsureFullTlsFrameAsync[TIOAdapter](CancellationToken cancellationToken, Int32 estimatedSize)
   at System.Runtime.CompilerServices.PoolingAsyncValueTaskMethodBuilder`1.StateMachineBox`1.System.Threading.Tasks.Sources.IValueTaskSource<TResult>.GetResult(Int16 token)
   at System.Net.Security.SslStream.ReadAsyncInternal[TIOAdapter](Memory`1 buffer, CancellationToken cancellationToken)
   at System.Runtime.CompilerServices.PoolingAsyncValueTaskMethodBuilder`1.StateMachineBox`1.System.Threading.Tasks.Sources.IValueTaskSource<TResult>.GetResult(Int16 token)
   at System.Net.Http.HttpConnection.SendAsync(HttpRequestMessage request, Boolean async, CancellationToken cancellationToken)
[2025-07-14 10:20:58Z ERR  BrokerServer] #####################################################
[2025-07-14 10:20:58Z ERR  BrokerServer] System.Net.Sockets.SocketException (89): Operation canceled
[2025-07-14 10:20:58Z WARN BrokerServer] Back off 5.232 seconds before next retry. 4 attempt left.
[2025-07-14 10:20:58Z INFO BrokerMessageListener] Get messages has been cancelled using local token source. Continue to get messages with new status.
