[2025-07-14 10:12:58Z INFO HostContext] No proxy settings were found based on environmental variables (http_proxy/https_proxy/HTTP_PROXY/HTTPS_PROXY)
[2025-07-14 10:12:58Z INFO HostContext] Well known directory 'Bin': '/Users/anupsharma/devops/sampletask/node-js-sample/actions-runner/bin'
[2025-07-14 10:12:58Z INFO HostContext] Well known directory 'Root': '/Users/anupsharma/devops/sampletask/node-js-sample/actions-runner'
[2025-07-14 10:12:58Z INFO HostContext] Well known config file 'Credentials': '/Users/anupsharma/devops/sampletask/node-js-sample/actions-runner/.credentials'
[2025-07-14 10:12:58Z INFO HostContext] Well known directory 'Bin': '/Users/anupsharma/devops/sampletask/node-js-sample/actions-runner/bin'
[2025-07-14 10:12:58Z INFO HostContext] Well known directory 'Root': '/Users/anupsharma/devops/sampletask/node-js-sample/actions-runner'
[2025-07-14 10:12:58Z INFO HostContext] Well known config file 'Runner': '/Users/anupsharma/devops/sampletask/node-js-sample/actions-runner/.runner'
[2025-07-14 10:12:59Z INFO Listener] Runner is built for OSX (X64) - osx-x64.
[2025-07-14 10:12:59Z INFO Listener] RuntimeInformation: Darwin 24.5.0 Darwin Kernel Version 24.5.0: Tue Apr 22 19:54:26 PDT 2025; root:xnu-11417.121.6~2/RELEASE_ARM64_T8112.
[2025-07-14 10:12:59Z INFO Listener] Version: 2.326.0
[2025-07-14 10:12:59Z INFO Listener] Commit: de0233c4d64676d8ebd16074221ae1e0e0bf2a13
[2025-07-14 10:12:59Z INFO Listener] Culture: en-IN
[2025-07-14 10:12:59Z INFO Listener] UI Culture: en-IN
[2025-07-14 10:12:59Z INFO HostContext] Well known directory 'Bin': '/Users/anupsharma/devops/sampletask/node-js-sample/actions-runner/bin'
[2025-07-14 10:12:59Z INFO HostContext] Well known directory 'Root': '/Users/anupsharma/devops/sampletask/node-js-sample/actions-runner'
[2025-07-14 10:12:59Z INFO Listener] Validating directory permissions for: '/Users/anupsharma/devops/sampletask/node-js-sample/actions-runner'
[2025-07-14 10:12:59Z INFO CommandLineParser] Parse
[2025-07-14 10:12:59Z INFO CommandLineParser] Parsing 5 args
[2025-07-14 10:12:59Z INFO CommandLineParser] parsing argument
[2025-07-14 10:12:59Z INFO CommandLineParser] HasArgs: False
[2025-07-14 10:12:59Z INFO CommandLineParser] Adding Command: configure
[2025-07-14 10:12:59Z INFO CommandLineParser] parsing argument
[2025-07-14 10:12:59Z INFO CommandLineParser] HasArgs: True
[2025-07-14 10:12:59Z INFO CommandLineParser] arg: url
[2025-07-14 10:12:59Z INFO CommandLineParser] parsing argument
[2025-07-14 10:12:59Z INFO CommandLineParser] HasArgs: True
[2025-07-14 10:12:59Z INFO CommandLineParser] Adding option 'url': 'https://github.com/anupsharma329/node-js-sample'
[2025-07-14 10:12:59Z INFO CommandLineParser] parsing argument
[2025-07-14 10:12:59Z INFO CommandLineParser] HasArgs: True
[2025-07-14 10:12:59Z INFO CommandLineParser] arg: token
[2025-07-14 10:12:59Z INFO CommandLineParser] parsing argument
[2025-07-14 10:12:59Z INFO CommandLineParser] HasArgs: True
[2025-07-14 10:12:59Z INFO CommandLineParser] Adding option 'token': '***'
[2025-07-14 10:12:59Z INFO Listener] Arguments parsed
[2025-07-14 10:12:59Z INFO Runner] ExecuteCommand
[2025-07-14 10:12:59Z INFO ConfigurationStore] currentAssemblyLocation: /Users/anupsharma/devops/sampletask/node-js-sample/actions-runner/bin/Runner.Listener.dll
[2025-07-14 10:12:59Z INFO HostContext] Well known directory 'Bin': '/Users/anupsharma/devops/sampletask/node-js-sample/actions-runner/bin'
[2025-07-14 10:12:59Z INFO ConfigurationStore] binPath: /Users/anupsharma/devops/sampletask/node-js-sample/actions-runner/bin
[2025-07-14 10:12:59Z INFO HostContext] Well known directory 'Bin': '/Users/anupsharma/devops/sampletask/node-js-sample/actions-runner/bin'
[2025-07-14 10:12:59Z INFO HostContext] Well known directory 'Root': '/Users/anupsharma/devops/sampletask/node-js-sample/actions-runner'
[2025-07-14 10:12:59Z INFO ConfigurationStore] RootFolder: /Users/anupsharma/devops/sampletask/node-js-sample/actions-runner
[2025-07-14 10:12:59Z INFO HostContext] Well known directory 'Bin': '/Users/anupsharma/devops/sampletask/node-js-sample/actions-runner/bin'
[2025-07-14 10:12:59Z INFO HostContext] Well known directory 'Root': '/Users/anupsharma/devops/sampletask/node-js-sample/actions-runner'
[2025-07-14 10:12:59Z INFO HostContext] Well known config file 'Runner': '/Users/anupsharma/devops/sampletask/node-js-sample/actions-runner/.runner'
[2025-07-14 10:12:59Z INFO ConfigurationStore] ConfigFilePath: /Users/anupsharma/devops/sampletask/node-js-sample/actions-runner/.runner
[2025-07-14 10:12:59Z INFO HostContext] Well known directory 'Bin': '/Users/anupsharma/devops/sampletask/node-js-sample/actions-runner/bin'
[2025-07-14 10:12:59Z INFO HostContext] Well known directory 'Root': '/Users/anupsharma/devops/sampletask/node-js-sample/actions-runner'
[2025-07-14 10:12:59Z INFO HostContext] Well known config file 'MigratedRunner': '/Users/anupsharma/devops/sampletask/node-js-sample/actions-runner/.runner_migrated'
[2025-07-14 10:12:59Z INFO ConfigurationStore] MigratedConfigFilePath: /Users/anupsharma/devops/sampletask/node-js-sample/actions-runner/.runner_migrated
[2025-07-14 10:12:59Z INFO HostContext] Well known directory 'Bin': '/Users/anupsharma/devops/sampletask/node-js-sample/actions-runner/bin'
[2025-07-14 10:12:59Z INFO HostContext] Well known directory 'Root': '/Users/anupsharma/devops/sampletask/node-js-sample/actions-runner'
[2025-07-14 10:12:59Z INFO HostContext] Well known config file 'Credentials': '/Users/anupsharma/devops/sampletask/node-js-sample/actions-runner/.credentials'
[2025-07-14 10:12:59Z INFO ConfigurationStore] CredFilePath: /Users/anupsharma/devops/sampletask/node-js-sample/actions-runner/.credentials
[2025-07-14 10:12:59Z INFO HostContext] Well known directory 'Bin': '/Users/anupsharma/devops/sampletask/node-js-sample/actions-runner/bin'
[2025-07-14 10:12:59Z INFO HostContext] Well known directory 'Root': '/Users/anupsharma/devops/sampletask/node-js-sample/actions-runner'
[2025-07-14 10:12:59Z INFO HostContext] Well known config file 'MigratedCredentials': '/Users/anupsharma/devops/sampletask/node-js-sample/actions-runner/.credentials_migrated'
[2025-07-14 10:12:59Z INFO ConfigurationStore] MigratedCredFilePath: /Users/anupsharma/devops/sampletask/node-js-sample/actions-runner/.credentials_migrated
[2025-07-14 10:12:59Z INFO HostContext] Well known directory 'Bin': '/Users/anupsharma/devops/sampletask/node-js-sample/actions-runner/bin'
[2025-07-14 10:12:59Z INFO HostContext] Well known directory 'Root': '/Users/anupsharma/devops/sampletask/node-js-sample/actions-runner'
[2025-07-14 10:12:59Z INFO HostContext] Well known config file 'Service': '/Users/anupsharma/devops/sampletask/node-js-sample/actions-runner/.service'
[2025-07-14 10:12:59Z INFO ConfigurationStore] ServiceConfigFilePath: /Users/anupsharma/devops/sampletask/node-js-sample/actions-runner/.service
[2025-07-14 10:12:59Z INFO CommandSettings] Flag 'help': 'False'
[2025-07-14 10:12:59Z INFO CommandSettings] Flag 'version': 'False'
[2025-07-14 10:12:59Z INFO CommandSettings] Flag 'commit': 'False'
[2025-07-14 10:12:59Z INFO CommandSettings] Flag 'check': 'False'
[2025-07-14 10:12:59Z INFO CommandSettings] Command 'configure': 'True'
[2025-07-14 10:12:59Z INFO Terminal] WRITE LINE: 
[2025-07-14 10:12:59Z INFO Terminal] WRITE LINE: --------------------------------------------------------------------------------
[2025-07-14 10:12:59Z INFO Terminal] WRITE LINE: |        ____ _ _   _   _       _          _        _   _                      |
[2025-07-14 10:12:59Z INFO Terminal] WRITE LINE: |       / ___(_) |_| | | |_   _| |__      / \   ___| |_(_) ___  _ __  ___      |
[2025-07-14 10:12:59Z INFO Terminal] WRITE LINE: |      | |  _| | __| |_| | | | | '_ \    / _ \ / __| __| |/ _ \| '_ \/ __|     |
[2025-07-14 10:12:59Z INFO Terminal] WRITE LINE: |      | |_| | | |_|  _  | |_| | |_) |  / ___ \ (__| |_| | (_) | | | \__ \     |
[2025-07-14 10:12:59Z INFO Terminal] WRITE LINE: |       \____|_|\__|_| |_|\__,_|_.__/  /_/   \_\___|\__|_|\___/|_| |_|___/     |
[2025-07-14 10:12:59Z INFO Terminal] WRITE LINE: |                                                                              |
[2025-07-14 10:12:59Z INFO Terminal] WRITE: |                       
[2025-07-14 10:12:59Z INFO Terminal] WRITE: Self-hosted runner registration
[2025-07-14 10:12:59Z INFO Terminal] WRITE LINE:                         |
[2025-07-14 10:12:59Z INFO Terminal] WRITE LINE: |                                                                              |
[2025-07-14 10:12:59Z INFO Terminal] WRITE LINE: --------------------------------------------------------------------------------
[2025-07-14 10:12:59Z INFO ConfigurationManager] ConfigureAsync
[2025-07-14 10:12:59Z INFO CommandSettings] Flag 'generateServiceConfig': 'False'
[2025-07-14 10:12:59Z INFO ConfigurationStore] IsConfigured()
[2025-07-14 10:12:59Z INFO ConfigurationStore] IsConfigured: False
[2025-07-14 10:12:59Z INFO ConfigurationManager] Is configured: False
[2025-07-14 10:12:59Z INFO CommandSettings] Arg 'url': 'https://github.com/anupsharma329/node-js-sample'
[2025-07-14 10:12:59Z INFO CommandSettings] Remove url from Arg dictionary.
[2025-07-14 10:12:59Z INFO CommandSettings] Arg 'token': '***'
[2025-07-14 10:12:59Z INFO CommandSettings] Remove token from Arg dictionary.
[2025-07-14 10:13:06Z INFO ConfigurationManager] Http response code: OK from 'POST https://api.github.com/actions/runner-registration' (88FF:31C85E:AF5B19:E38F7A:6874D831)
[2025-07-14 10:13:06Z INFO ConfigurationManager] Using V2 flow: False
[2025-07-14 10:13:06Z INFO ConfigurationManager] cred retrieved via GitHub auth
[2025-07-14 10:13:06Z INFO RunnerServer] EstablishVssConnection
[2025-07-14 10:13:06Z INFO RunnerServer] Establish connection with 100 seconds timeout.
[2025-07-14 10:13:07Z INFO GitHubActionsService] Starting operation Location.GetConnectionData
[2025-07-14 10:13:07Z INFO RunnerServer] EstablishVssConnection
[2025-07-14 10:13:07Z INFO RunnerServer] Establish connection with 60 seconds timeout.
[2025-07-14 10:13:07Z INFO GitHubActionsService] Starting operation Location.GetConnectionData
[2025-07-14 10:13:07Z INFO RunnerServer] EstablishVssConnection
[2025-07-14 10:13:07Z INFO RunnerServer] Establish connection with 60 seconds timeout.
[2025-07-14 10:13:07Z INFO GitHubActionsService] Starting operation Location.GetConnectionData
[2025-07-14 10:13:09Z INFO GitHubActionsService] Finished operation Location.GetConnectionData
[2025-07-14 10:13:09Z INFO GitHubActionsService] Finished operation Location.GetConnectionData
[2025-07-14 10:13:09Z INFO GitHubActionsService] Finished operation Location.GetConnectionData
[2025-07-14 10:13:09Z INFO Terminal] WRITE LINE: 
[2025-07-14 10:13:09Z INFO ConfigurationManager] Test Connection complete.
[2025-07-14 10:13:09Z INFO HostContext] Well known directory 'Bin': '/Users/anupsharma/devops/sampletask/node-js-sample/actions-runner/bin'
[2025-07-14 10:13:09Z INFO HostContext] Well known directory 'Root': '/Users/anupsharma/devops/sampletask/node-js-sample/actions-runner'
[2025-07-14 10:13:09Z INFO HostContext] Well known config file 'RSACredentials': '/Users/anupsharma/devops/sampletask/node-js-sample/actions-runner/.credentials_rsaparams'
[2025-07-14 10:13:09Z INFO RSAFileKeyManager] Creating new RSA key using 2048-bit key length
[2025-07-14 10:13:09Z INFO RSAFileKeyManager] Successfully saved RSA key parameters to file /Users/anupsharma/devops/sampletask/node-js-sample/actions-runner/.credentials_rsaparams
[2025-07-14 10:13:09Z INFO RSAFileKeyManager] Which2: 'chmod'
[2025-07-14 10:13:09Z INFO RSAFileKeyManager] Location: '/bin/chmod'
[2025-07-14 10:13:09Z INFO HostContext] Well known directory 'Bin': '/Users/anupsharma/devops/sampletask/node-js-sample/actions-runner/bin'
[2025-07-14 10:13:09Z INFO HostContext] Well known directory 'Root': '/Users/anupsharma/devops/sampletask/node-js-sample/actions-runner'
[2025-07-14 10:13:09Z INFO ProcessInvokerWrapper] Starting process:
[2025-07-14 10:13:09Z INFO ProcessInvokerWrapper]   File name: '/bin/chmod'
[2025-07-14 10:13:09Z INFO ProcessInvokerWrapper]   Arguments: '600 /Users/anupsharma/devops/sampletask/node-js-sample/actions-runner/.credentials_rsaparams'
[2025-07-14 10:13:09Z INFO ProcessInvokerWrapper]   Working directory: '/Users/anupsharma/devops/sampletask/node-js-sample/actions-runner'
[2025-07-14 10:13:09Z INFO ProcessInvokerWrapper]   Require exit code zero: 'False'
[2025-07-14 10:13:09Z INFO ProcessInvokerWrapper]   Encoding web name:  ; code page: ''
[2025-07-14 10:13:09Z INFO ProcessInvokerWrapper]   Force kill process on cancellation: 'False'
[2025-07-14 10:13:09Z INFO ProcessInvokerWrapper]   Redirected STDIN: 'False'
[2025-07-14 10:13:09Z INFO ProcessInvokerWrapper]   Persist current code page: 'False'
[2025-07-14 10:13:09Z INFO ProcessInvokerWrapper]   Keep redirected STDIN open: 'False'
[2025-07-14 10:13:09Z INFO ProcessInvokerWrapper]   High priority process: 'False'
[2025-07-14 10:13:10Z INFO ProcessInvokerWrapper] Process started with process id 65318, waiting for process exit.
[2025-07-14 10:13:10Z INFO ProcessInvokerWrapper] STDOUT/STDERR stream read finished.
[2025-07-14 10:13:10Z INFO ProcessInvokerWrapper] STDOUT/STDERR stream read finished.
[2025-07-14 10:13:10Z INFO ProcessInvokerWrapper] Finished process 65318 with exit code 0, and elapsed time 00:00:01.0346322.
[2025-07-14 10:13:10Z INFO RSAFileKeyManager] Successfully set permissions for RSA key parameters file /Users/anupsharma/devops/sampletask/node-js-sample/actions-runner/.credentials_rsaparams
[2025-07-14 10:13:11Z INFO CommandSettings] Arg 'runnergroup': ''
[2025-07-14 10:13:11Z INFO CommandSettings] Flag 'unattended': 'False'
[2025-07-14 10:13:11Z INFO PromptManager] ReadValue
[2025-07-14 10:13:11Z INFO Terminal] WRITE: Enter the name of the runner group to add this runner to: 
[2025-07-14 10:13:11Z INFO Terminal] WRITE: [press Enter for Default] 
[2025-07-14 10:13:11Z INFO Terminal] READ LINE
[2025-07-14 10:13:17Z INFO Terminal] Read value: ''
[2025-07-14 10:13:17Z INFO PromptManager] Falling back to the default: 'Default'
[2025-07-14 10:13:17Z INFO Terminal] WRITE LINE: 
[2025-07-14 10:13:17Z INFO ConfigurationManager] Found a self-hosted runner group with id 1 and name Default
[2025-07-14 10:13:17Z INFO CommandSettings] Flag 'disableupdate': 'False'
[2025-07-14 10:13:17Z INFO CommandSettings] Flag 'ephemeral': 'False'
[2025-07-14 10:13:17Z INFO CommandSettings] Arg 'name': ''
[2025-07-14 10:13:17Z INFO CommandSettings] Flag 'unattended': 'False'
[2025-07-14 10:13:17Z INFO PromptManager] ReadValue
[2025-07-14 10:13:17Z INFO Terminal] WRITE: Enter the name of runner: 
[2025-07-14 10:13:17Z INFO Terminal] WRITE: [press Enter for anupsharma329-2] 
[2025-07-14 10:13:17Z INFO Terminal] READ LINE
[2025-07-14 10:13:22Z INFO Terminal] Read value: ''
[2025-07-14 10:13:22Z INFO PromptManager] Falling back to the default: 'anupsharma329-2'
[2025-07-14 10:13:22Z INFO Terminal] WRITE LINE: 
[2025-07-14 10:13:22Z INFO CommandSettings] Arg 'labels': ''
[2025-07-14 10:13:22Z INFO CommandSettings] Flag 'unattended': 'False'
[2025-07-14 10:13:22Z INFO PromptManager] ReadValue
[2025-07-14 10:13:22Z INFO Terminal] WRITE: This runner will have the following labels: 'self-hosted', 'macOS', 'X64' 
Enter any additional labels (ex. label-1,label-2): 
[2025-07-14 10:13:22Z INFO Terminal] WRITE: [press Enter to skip] 
[2025-07-14 10:13:22Z INFO Terminal] READ LINE
[2025-07-14 10:13:26Z INFO Terminal] Read value: ''
[2025-07-14 10:13:26Z INFO Terminal] WRITE LINE: 
[2025-07-14 10:13:27Z INFO CommandSettings] Flag 'disableupdate': 'False'
[2025-07-14 10:13:27Z INFO CommandSettings] Flag 'no-default-labels': 'False'
[2025-07-14 10:13:27Z INFO CommandSettings] Flag 'disableupdate': 'False'
[2025-07-14 10:13:27Z INFO CommandSettings] Flag 'ephemeral': 'False'
[2025-07-14 10:13:27Z INFO ConfigurationStore] Saving OAuth credential @ /Users/anupsharma/devops/sampletask/node-js-sample/actions-runner/.credentials
[2025-07-14 10:13:27Z INFO ConfigurationStore] Credentials Saved.
[2025-07-14 10:13:27Z INFO ConfigurationStore] HasCredentials()
[2025-07-14 10:13:27Z INFO ConfigurationStore] stored True
[2025-07-14 10:13:27Z INFO CredentialManager] GetCredentialProvider
[2025-07-14 10:13:27Z INFO CredentialManager] Creating type OAuth
[2025-07-14 10:13:27Z INFO CredentialManager] Creating credential type: OAuth
[2025-07-14 10:13:27Z INFO RSAFileKeyManager] Loading RSA key parameters from file /Users/anupsharma/devops/sampletask/node-js-sample/actions-runner/.credentials_rsaparams
[2025-07-14 10:13:27Z INFO RunnerServer] EstablishVssConnection
[2025-07-14 10:13:27Z INFO RunnerServer] Establish connection with 100 seconds timeout.
[2025-07-14 10:13:27Z INFO GitHubActionsService] Starting operation Location.GetConnectionData
[2025-07-14 10:13:27Z INFO RunnerServer] EstablishVssConnection
[2025-07-14 10:13:27Z INFO RunnerServer] Establish connection with 60 seconds timeout.
[2025-07-14 10:13:27Z INFO GitHubActionsService] Starting operation Location.GetConnectionData
[2025-07-14 10:13:27Z INFO RunnerServer] EstablishVssConnection
[2025-07-14 10:13:27Z INFO RunnerServer] Establish connection with 60 seconds timeout.
[2025-07-14 10:13:28Z INFO GitHubActionsService] Starting operation Location.GetConnectionData
[2025-07-14 10:13:28Z INFO GitHubActionsService] Finished operation Location.GetConnectionData
[2025-07-14 10:13:28Z INFO GitHubActionsService] Finished operation Location.GetConnectionData
[2025-07-14 10:13:28Z INFO GitHubActionsService] Finished operation Location.GetConnectionData
[2025-07-14 10:13:29Z INFO RSAFileKeyManager] Loading RSA key parameters from file /Users/anupsharma/devops/sampletask/node-js-sample/actions-runner/.credentials_rsaparams
[2025-07-14 10:13:29Z INFO RSAFileKeyManager] Loading RSA key parameters from file /Users/anupsharma/devops/sampletask/node-js-sample/actions-runner/.credentials_rsaparams
[2025-07-14 10:13:29Z INFO GitHubActionsService] AAD Correlation ID for this token request: Unknown
[2025-07-14 10:13:30Z INFO ConfigurationManager] Service enforced serverUrlV2: https://broker.actions.githubusercontent.com/
[2025-07-14 10:13:30Z INFO ConfigurationManager] Service enforced useV2Flow: True
[2025-07-14 10:13:30Z INFO CommandSettings] Arg 'work': ''
[2025-07-14 10:13:30Z INFO CommandSettings] Flag 'unattended': 'False'
[2025-07-14 10:13:30Z INFO PromptManager] ReadValue
[2025-07-14 10:13:30Z INFO Terminal] WRITE: Enter name of work folder: 
[2025-07-14 10:13:30Z INFO Terminal] WRITE: [press Enter for _work] 
[2025-07-14 10:13:30Z INFO Terminal] READ LINE
[2025-07-14 10:13:30Z INFO Terminal] Read value: ''
[2025-07-14 10:13:30Z INFO PromptManager] Falling back to the default: '_work'
[2025-07-14 10:13:30Z INFO ConfigurationStore] Saving runner settings.
[2025-07-14 10:13:30Z INFO ConfigurationStore] Settings Saved.
[2025-07-14 10:13:30Z INFO Terminal] WRITE LINE: 
[2025-07-14 10:13:30Z INFO Terminal] WRITE LINE: 
[2025-07-14 10:13:30Z INFO OsxServiceControlManager] Service name 'actions.runner.anupsharma329-node-js-sample.anupsharma329-2' display name 'GitHub Actions Runner (anupsharma329-node-js-sample.anupsharma329-2)' will be used for service configuration.
[2025-07-14 10:13:30Z INFO HostContext] Well known directory 'Bin': '/Users/anupsharma/devops/sampletask/node-js-sample/actions-runner/bin'
[2025-07-14 10:13:30Z INFO HostContext] Well known directory 'Root': '/Users/anupsharma/devops/sampletask/node-js-sample/actions-runner'
[2025-07-14 10:13:30Z INFO HostContext] Well known directory 'Bin': '/Users/anupsharma/devops/sampletask/node-js-sample/actions-runner/bin'
[2025-07-14 10:13:30Z INFO HostContext] Well known directory 'Bin': '/Users/anupsharma/devops/sampletask/node-js-sample/actions-runner/bin'
[2025-07-14 10:13:30Z INFO HostContext] Well known directory 'Root': '/Users/anupsharma/devops/sampletask/node-js-sample/actions-runner'
[2025-07-14 10:13:30Z INFO UnixUtil] Which2: 'chmod'
[2025-07-14 10:13:30Z INFO UnixUtil] Location: '/bin/chmod'
[2025-07-14 10:13:30Z INFO UnixUtil] Running /bin/chmod 755 "/Users/anupsharma/devops/sampletask/node-js-sample/actions-runner/svc.sh"
[2025-07-14 10:13:30Z INFO ProcessInvokerWrapper] Starting process:
[2025-07-14 10:13:30Z INFO ProcessInvokerWrapper]   File name: '/bin/chmod'
[2025-07-14 10:13:30Z INFO ProcessInvokerWrapper]   Arguments: '755 "/Users/anupsharma/devops/sampletask/node-js-sample/actions-runner/svc.sh"'
[2025-07-14 10:13:30Z INFO ProcessInvokerWrapper]   Working directory: '/Users/anupsharma/devops/sampletask/node-js-sample/actions-runner'
[2025-07-14 10:13:30Z INFO ProcessInvokerWrapper]   Require exit code zero: 'True'
[2025-07-14 10:13:30Z INFO ProcessInvokerWrapper]   Encoding web name:  ; code page: ''
[2025-07-14 10:13:30Z INFO ProcessInvokerWrapper]   Force kill process on cancellation: 'False'
[2025-07-14 10:13:30Z INFO ProcessInvokerWrapper]   Redirected STDIN: 'False'
[2025-07-14 10:13:30Z INFO ProcessInvokerWrapper]   Persist current code page: 'False'
[2025-07-14 10:13:30Z INFO ProcessInvokerWrapper]   Keep redirected STDIN open: 'False'
[2025-07-14 10:13:30Z INFO ProcessInvokerWrapper]   High priority process: 'False'
[2025-07-14 10:13:30Z INFO ProcessInvokerWrapper] Process started with process id 65346, waiting for process exit.
[2025-07-14 10:13:30Z INFO ProcessInvokerWrapper] STDOUT/STDERR stream read finished.
[2025-07-14 10:13:30Z INFO ProcessInvokerWrapper] STDOUT/STDERR stream read finished.
[2025-07-14 10:13:30Z INFO ProcessInvokerWrapper] Finished process 65346 with exit code 0, and elapsed time 00:00:00.1106799.
[2025-07-14 10:13:30Z INFO Listener] Runner execution has finished with return code 0
